<?xml version="1.0" encoding="UTF-8"?>
<!-- Generated by org.testng.reporters.JUnitXMLReporter -->
<testsuite ignored="0" hostname="MSI" failures="0" tests="12" name="Default test" time="22.852" errors="0" timestamp="2026-01-06T11:37:08 IST">
  <testcase classname="Test.FundsWithdrawal" name="testSetMobileNumber" time="0.027"/>
  <testcase classname="Test.FundsWithdrawal" name="testOpenDigielvApplication" time="3.844"/>
  <testcase classname="Test.FundsWithdrawal" name="testClickLoginRegister" time="0.399"/>
  <testcase classname="Test.FundsWithdrawal" name="testEnterMobileAndClickLogin" time="0.665"/>
  <testcase classname="Test.FundsWithdrawal" name="testFetchOtpFromDB" time="0.735"/>
  <testcase classname="Test.FundsWithdrawal" name="testEnterOtpInputs" time="4.557"/>
  <testcase classname="Test.FundsWithdrawal" name="testHandleKycPopupIfPresent" time="5.423"/>
  <testcase classname="Test.FundsWithdrawal" name="testOpenFundsWithdrawal" time="0.185"/>
  <testcase classname="Test.FundsWithdrawal" name="testWithdrawFundsClick" time="0.696"/>
  <testcase classname="Test.FundsWithdrawal" name="testEnterAmountAndRemarks" time="1.193"/>
  <testcase classname="Test.FundsWithdrawal" name="testClickWithdrawButton" time="0.167"/>
  <testcase classname="Test.FundsWithdrawal" name="testClickContinueOnModal" time="0.938"/>
</testsuite> <!-- Default test -->
