<?xml version="1.0" encoding="UTF-8"?>
<!-- Generated by org.testng.reporters.JUnitXMLReporter -->
<testsuite ignored="0" hostname="MMCM-MUM-LAP-35" failures="0" tests="5" name="Default test" time="16.031" errors="0" timestamp="2026-01-19T14:25:08 IST">
  <testcase classname="TestCases.MyAccount" name="TC_01_Login_With_Mobile_And_OTP" time="7.042"/>
  <testcase classname="TestCases.MyAccount" name="TC_02_Skip_KYC_Popup" time="5.136"/>
  <testcase classname="TestCases.MyAccount" name="TC_03_Add_Bank_Details" time="1.331"/>
  <testcase classname="TestCases.MyAccount" name="TC_04_Upload_Document" time="0.088"/>
  <testcase classname="TestCases.MyAccount" name="TC_05_Submit_Bank_Details" time="0.071"/>
</testsuite> <!-- Default test -->
