<?xml version="1.0" encoding="UTF-8"?>
<!-- Generated by org.testng.reporters.JUnitXMLReporter -->
<testsuite ignored="0" hostname="MSI" failures="0" tests="12" name="Default test" time="26.97" errors="0" timestamp="2026-01-06T09:43:38 IST">
  <testcase classname="Test.FundsWithdrawal" name="testSetMobileNumber" time="0.098"/>
  <testcase classname="Test.FundsWithdrawal" name="testOpenDigielvApplication" time="3.376"/>
  <testcase classname="Test.FundsWithdrawal" name="testClickLoginRegister" time="0.465"/>
  <testcase classname="Test.FundsWithdrawal" name="testEnterMobileAndClickLogin" time="0.898"/>
  <testcase classname="Test.FundsWithdrawal" name="testFetchOtpFromDB" time="2.299"/>
  <testcase classname="Test.FundsWithdrawal" name="testEnterOtpInputs" time="5.101"/>
  <testcase classname="Test.FundsWithdrawal" name="testHandleKycPopupIfPresent" time="5.386"/>
  <testcase classname="Test.FundsWithdrawal" name="testOpenFundsWithdrawal" time="0.263"/>
  <testcase classname="Test.FundsWithdrawal" name="testWithdrawFundsClick" time="0.611"/>
  <testcase classname="Test.FundsWithdrawal" name="testEnterAmountAndRemarks" time="2.622"/>
  <testcase classname="Test.FundsWithdrawal" name="testClickWithdrawButton" time="0.684"/>
  <testcase classname="Test.FundsWithdrawal" name="testClickContinueOnModal" time="1.204"/>
</testsuite> <!-- Default test -->
