<?xml version="1.0" encoding="UTF-8"?>
<testng-results ignored="0" total="5" passed="5" failed="0" skipped="0">
  <reporter-output>
  </reporter-output>
  <suite started-at="2026-01-19T14:24:52 IST" name="Default suite" finished-at="2026-01-19T14:25:08 IST" duration-ms="16031">
    <groups>
    </groups>
    <test started-at="2026-01-19T14:24:52 IST" name="Default test" finished-at="2026-01-19T14:25:08 IST" duration-ms="16031">
      <class name="TestCases.MyAccount">
        <test-method is-config="true" signature="setup()[pri:0, instance:TestCases.MyAccount@2362f559]" started-at="2026-01-19T14:24:52 IST" name="setup" finished-at="2026-01-19T14:24:54 IST" duration-ms="1878" status="PASS">
          <reporter-output>
          </reporter-output>
        </test-method> <!-- setup -->
        <test-method signature="TC_01_Login_With_Mobile_And_OTP()[pri:1, instance:TestCases.MyAccount@2362f559]" started-at="2026-01-19T14:24:54 IST" name="TC_01_Login_With_Mobile_And_OTP" finished-at="2026-01-19T14:25:01 IST" duration-ms="7042" status="PASS">
          <reporter-output>
          </reporter-output>
        </test-method> <!-- TC_01_Login_With_Mobile_And_OTP -->
        <test-method signature="TC_02_Skip_KYC_Popup()[pri:2, instance:TestCases.MyAccount@2362f559]" started-at="2026-01-19T14:25:01 IST" name="TC_02_Skip_KYC_Popup" finished-at="2026-01-19T14:25:06 IST" duration-ms="5136" status="PASS">
          <reporter-output>
          </reporter-output>
        </test-method> <!-- TC_02_Skip_KYC_Popup -->
        <test-method signature="TC_03_Add_Bank_Details()[pri:3, instance:TestCases.MyAccount@2362f559]" started-at="2026-01-19T14:25:06 IST" name="TC_03_Add_Bank_Details" finished-at="2026-01-19T14:25:07 IST" duration-ms="1331" status="PASS">
          <reporter-output>
          </reporter-output>
        </test-method> <!-- TC_03_Add_Bank_Details -->
        <test-method signature="TC_04_Upload_Document()[pri:4, instance:TestCases.MyAccount@2362f559]" started-at="2026-01-19T14:25:07 IST" name="TC_04_Upload_Document" finished-at="2026-01-19T14:25:07 IST" duration-ms="88" status="PASS">
          <reporter-output>
          </reporter-output>
        </test-method> <!-- TC_04_Upload_Document -->
        <test-method signature="TC_05_Submit_Bank_Details()[pri:5, instance:TestCases.MyAccount@2362f559]" started-at="2026-01-19T14:25:08 IST" name="TC_05_Submit_Bank_Details" finished-at="2026-01-19T14:25:08 IST" duration-ms="71" status="PASS">
          <reporter-output>
          </reporter-output>
        </test-method> <!-- TC_05_Submit_Bank_Details -->
        <test-method is-config="true" signature="tearDown()[pri:0, instance:TestCases.MyAccount@2362f559]" started-at="2026-01-19T14:25:08 IST" name="tearDown" finished-at="2026-01-19T14:25:08 IST" duration-ms="347" status="PASS">
          <reporter-output>
          </reporter-output>
        </test-method> <!-- tearDown -->
      </class> <!-- TestCases.MyAccount -->
    </test> <!-- Default test -->
  </suite> <!-- Default suite -->
</testng-results>
