<?xml version="1.0" encoding="UTF-8"?>
<!-- Generated by org.testng.reporters.JUnitReportReporter -->
<testsuite hostname="MSI" failures="0" tests="7" name="TestCases.MyAccount" time="27.305" errors="0" timestamp="2026-01-06T13:07:45 IST" skipped="0">
  <testcase classname="TestCases.MyAccount" name="testOpenDigielvAndLogin" time="8.178"/>
  <testcase classname="TestCases.MyAccount" name="testFetchAndEnterOtp" time="8.433"/>
  <testcase classname="TestCases.MyAccount" name="testHandleKycPopupIfPresent" time="5.049"/>
  <testcase classname="TestCases.MyAccount" name="testSelectAccountTypeSavings" time="2.312"/>
  <testcase classname="TestCases.MyAccount" name="testEnterAccountNumbers" time="2.017"/>
  <testcase classname="TestCases.MyAccount" name="testEnterIfscCode" time="1.024"/>
  <testcase classname="TestCases.MyAccount" name="testFileUpload" time="0.292"/>
</testsuite> <!-- TestCases.MyAccount -->
