<?xml version="1.0" encoding="UTF-8"?>
<!-- Generated by org.testng.reporters.JUnitReportReporter -->
<testsuite hostname="MSI" failures="1" tests="12" name="TestCases.ViewMarketOffer" time="30.315" errors="0" timestamp="2026-01-06T14:12:35 IST" skipped="3">
  <testcase classname="TestCases.ViewMarketOffer" name="testOpenLoginPage" time="3.949"/>
  <testcase classname="TestCases.ViewMarketOffer" name="testClickLoginRegisterButton" time="0.562"/>
  <testcase classname="TestCases.ViewMarketOffer" name="testEnterMobileAndClickLogin" time="1.298"/>
  <testcase classname="TestCases.ViewMarketOffer" name="testFetchOtpFromDB" time="2.360"/>
  <testcase classname="TestCases.ViewMarketOffer" name="testEnterOtpInputs" time="5.469"/>
  <testcase classname="TestCases.ViewMarketOffer" name="testDismissKycPopupIfPresent" time="5.155"/>
  <testcase classname="TestCases.ViewMarketOffer" name="testNavigateToViewMarketOffer" time="0.661"/>
  <testcase classname="TestCases.ViewMarketOffer" name="testClickViewAllOffer" time="0.531"/>
  <testcase classname="TestCases.ViewMarketOffer" name="testClickPlaceOfferToBuy" time="10.329">
    <failure message="FAILED [Place Offer To Buy]: Could not click &#039;Place Offer to Buy&#039;. Reason: Expected condition failed: waiting for element to be clickable: By.xpath: //*[@class=&quot;btn btn-primary w-100 rounded-pill&quot; and contains(text(), &#039;Place Offer to Buy&#039;)] (tried for 10 second(s) with 500 milliseconds interval)
Build info: version: &#039;4.23.0&#039;, revision: &#039;4df0a231af&#039;
System info: os.name: &#039;Windows 11&#039;, os.arch: &#039;amd64&#039;, os.version: &#039;10.0&#039;, java.version: &#039;21.0.8&#039;
Driver info: org.openqa.selenium.chrome.ChromeDriver
Capabilities {acceptInsecureCerts: false, browserName: chrome, browserVersion: 143.0.7499.170, chrome: {chromedriverVersion: 143.0.7499.169 (164b20aab62..., userDataDir: C:\Users\roshn\AppData\Loca...}, fedcm:accounts: true, goog:chromeOptions: {debuggerAddress: localhost:54966}, goog:processID: 35488, networkConnectionEnabled: false, pageLoadStrategy: normal, platformName: windows, proxy: Proxy(), se:cdp: ws://localhost:54966/devtoo..., se:cdpVersion: 143.0.7499.170, setWindowRect: true, strictFileInteractability: false, timeouts: {implicit: 0, pageLoad: 300000, script: 30000}, unhandledPromptBehavior: dismiss and notify, webauthn:extension:credBlob: true, webauthn:extension:largeBlob: true, webauthn:extension:minPinLength: true, webauthn:extension:prf: true, webauthn:virtualAuthenticators: true}
Session ID: 9799cce0f10071499dec62ec09c63353" type="java.lang.AssertionError">
      <![CDATA[java.lang.AssertionError: FAILED [Place Offer To Buy]: Could not click 'Place Offer to Buy'. Reason: Expected condition failed: waiting for element to be clickable: By.xpath: //*[@class="btn btn-primary w-100 rounded-pill" and contains(text(), 'Place Offer to Buy')] (tried for 10 second(s) with 500 milliseconds interval)
Build info: version: '4.23.0', revision: '4df0a231af'
System info: os.name: 'Windows 11', os.arch: 'amd64', os.version: '10.0', java.version: '21.0.8'
Driver info: org.openqa.selenium.chrome.ChromeDriver
Capabilities {acceptInsecureCerts: false, browserName: chrome, browserVersion: 143.0.7499.170, chrome: {chromedriverVersion: 143.0.7499.169 (164b20aab62..., userDataDir: C:\Users\roshn\AppData\Loca...}, fedcm:accounts: true, goog:chromeOptions: {debuggerAddress: localhost:54966}, goog:processID: 35488, networkConnectionEnabled: false, pageLoadStrategy: normal, platformName: windows, proxy: Proxy(), se:cdp: ws://localhost:54966/devtoo..., se:cdpVersion: 143.0.7499.170, setWindowRect: true, strictFileInteractability: false, timeouts: {implicit: 0, pageLoad: 300000, script: 30000}, unhandledPromptBehavior: dismiss and notify, webauthn:extension:credBlob: true, webauthn:extension:largeBlob: true, webauthn:extension:minPinLength: true, webauthn:extension:prf: true, webauthn:virtualAuthenticators: true}
Session ID: 9799cce0f10071499dec62ec09c63353
at org.testng.Assert.fail(Assert.java:111)
at TestCases.ViewMarketOffer.testClickPlaceOfferToBuy(ViewMarketOffer.java:206)
at java.base/jdk.internal.reflect.DirectMethodHandleAccessor.invoke(DirectMethodHandleAccessor.java:103)
at java.base/java.lang.reflect.Method.invoke(Method.java:580)
at org.testng.internal.invokers.MethodInvocationHelper.invokeMethod(MethodInvocationHelper.java:141)
at org.testng.internal.invokers.TestInvoker.invokeMethod(TestInvoker.java:687)
at org.testng.internal.invokers.TestInvoker.invokeTestMethod(TestInvoker.java:230)
at org.testng.internal.invokers.MethodRunner.runInSequence(MethodRunner.java:63)
at org.testng.internal.invokers.TestInvoker$MethodInvocationAgent.invoke(TestInvoker.java:995)
at org.testng.internal.invokers.TestInvoker.invokeTestMethods(TestInvoker.java:203)
at org.testng.internal.invokers.TestMethodWorker.invokeTestMethods(TestMethodWorker.java:154)
at org.testng.internal.invokers.TestMethodWorker.run(TestMethodWorker.java:134)
at java.base/java.util.ArrayList.forEach(ArrayList.java:1596)
at org.testng.TestRunner.privateRun(TestRunner.java:741)
at org.testng.TestRunner.run(TestRunner.java:616)
at org.testng.SuiteRunner.runTest(SuiteRunner.java:421)
at org.testng.SuiteRunner.runSequentially(SuiteRunner.java:413)
at org.testng.SuiteRunner.privateRun(SuiteRunner.java:373)
at org.testng.SuiteRunner.run(SuiteRunner.java:312)
at org.testng.SuiteRunnerWorker.runSuite(SuiteRunnerWorker.java:52)
at org.testng.SuiteRunnerWorker.run(SuiteRunnerWorker.java:95)
at org.testng.TestNG.runSuitesSequentially(TestNG.java:1274)
at org.testng.TestNG.runSuitesLocally(TestNG.java:1208)
at org.testng.TestNG.runSuites(TestNG.java:1112)
at org.testng.TestNG.run(TestNG.java:1079)
at org.testng.remote.AbstractRemoteTestNG.run(AbstractRemoteTestNG.java:115)
at org.testng.remote.RemoteTestNG.initAndRun(RemoteTestNG.java:293)
at org.testng.remote.RemoteTestNG.main(RemoteTestNG.java:91)
]]>
    </failure>
  </testcase> <!-- testClickPlaceOfferToBuy -->
  <testcase classname="TestCases.ViewMarketOffer" name="testEnterBidPrice" time="0.000">
    <skipped/>
  </testcase> <!-- testEnterBidPrice -->
  <testcase classname="TestCases.ViewMarketOffer" name="testClickCreateBid" time="0.000">
    <skipped/>
  </testcase> <!-- testClickCreateBid -->
  <testcase classname="TestCases.ViewMarketOffer" name="testClickContinueButton" time="0.001">
    <skipped/>
  </testcase> <!-- testClickContinueButton -->
</testsuite> <!-- TestCases.ViewMarketOffer -->
