<?xml version="1.0" encoding="UTF-8"?>
<!-- Generated by org.testng.reporters.JUnitReportReporter -->
<testsuite hostname="MSI" failures="1" tests="12" name="TestCases.View_Market_Offer" time="33.873" errors="0" timestamp="2026-01-06T14:18:37 IST" skipped="0">
  <testcase classname="TestCases.View_Market_Offer" name="testOpenLoginPage" time="3.332"/>
  <testcase classname="TestCases.View_Market_Offer" name="testClickLoginRegisterButton" time="0.546"/>
  <testcase classname="TestCases.View_Market_Offer" name="testEnterMobileAndClickLogin" time="1.267"/>
  <testcase classname="TestCases.View_Market_Offer" name="testFetchOtpFromDB" time="2.346"/>
  <testcase classname="TestCases.View_Market_Offer" name="testEnterOtpInputs" time="5.570"/>
  <testcase classname="TestCases.View_Market_Offer" name="testDismissKycPopupIfPresent" time="5.084"/>
  <testcase classname="TestCases.View_Market_Offer" name="testNavigateToViewMarketOffer" time="0.587"/>
  <testcase classname="TestCases.View_Market_Offer" name="testClickViewAllOffer" time="1.460"/>
  <testcase classname="TestCases.View_Market_Offer" name="testClickPlaceOfferToBuy" time="1.391"/>
  <testcase classname="TestCases.View_Market_Offer" name="testEnterBidPrice" time="0.993"/>
  <testcase classname="TestCases.View_Market_Offer" name="testClickCreateBid" time="0.746"/>
  <testcase classname="TestCases.View_Market_Offer" name="testClickContinueButton" time="10.551">
    <failure message="FAILED [Continue Button]: Could not click Continue. Reason: Expected condition failed: waiting for element to be clickable: By.xpath: (//*[@class=&quot;btn btn-primary w-100 rounded-pill&quot; and contains(text(), &#039; Continue &#039;)])[4] (tried for 10 second(s) with 500 milliseconds interval)
Build info: version: &#039;4.23.0&#039;, revision: &#039;4df0a231af&#039;
System info: os.name: &#039;Windows 11&#039;, os.arch: &#039;amd64&#039;, os.version: &#039;10.0&#039;, java.version: &#039;21.0.8&#039;
Driver info: org.openqa.selenium.chrome.ChromeDriver
Capabilities {acceptInsecureCerts: false, browserName: chrome, browserVersion: 143.0.7499.170, chrome: {chromedriverVersion: 143.0.7499.169 (164b20aab62..., userDataDir: C:\Users\roshn\AppData\Loca...}, fedcm:accounts: true, goog:chromeOptions: {debuggerAddress: localhost:61236}, goog:processID: 1832, networkConnectionEnabled: false, pageLoadStrategy: normal, platformName: windows, proxy: Proxy(), se:cdp: ws://localhost:61236/devtoo..., se:cdpVersion: 143.0.7499.170, setWindowRect: true, strictFileInteractability: false, timeouts: {implicit: 0, pageLoad: 300000, script: 30000}, unhandledPromptBehavior: dismiss and notify, webauthn:extension:credBlob: true, webauthn:extension:largeBlob: true, webauthn:extension:minPinLength: true, webauthn:extension:prf: true, webauthn:virtualAuthenticators: true}
Session ID: 2b1ff69377de66394588441c74b15c1d" type="java.lang.AssertionError">
      <![CDATA[java.lang.AssertionError: FAILED [Continue Button]: Could not click Continue. Reason: Expected condition failed: waiting for element to be clickable: By.xpath: (//*[@class="btn btn-primary w-100 rounded-pill" and contains(text(), ' Continue ')])[4] (tried for 10 second(s) with 500 milliseconds interval)
Build info: version: '4.23.0', revision: '4df0a231af'
System info: os.name: 'Windows 11', os.arch: 'amd64', os.version: '10.0', java.version: '21.0.8'
Driver info: org.openqa.selenium.chrome.ChromeDriver
Capabilities {acceptInsecureCerts: false, browserName: chrome, browserVersion: 143.0.7499.170, chrome: {chromedriverVersion: 143.0.7499.169 (164b20aab62..., userDataDir: C:\Users\roshn\AppData\Loca...}, fedcm:accounts: true, goog:chromeOptions: {debuggerAddress: localhost:61236}, goog:processID: 1832, networkConnectionEnabled: false, pageLoadStrategy: normal, platformName: windows, proxy: Proxy(), se:cdp: ws://localhost:61236/devtoo..., se:cdpVersion: 143.0.7499.170, setWindowRect: true, strictFileInteractability: false, timeouts: {implicit: 0, pageLoad: 300000, script: 30000}, unhandledPromptBehavior: dismiss and notify, webauthn:extension:credBlob: true, webauthn:extension:largeBlob: true, webauthn:extension:minPinLength: true, webauthn:extension:prf: true, webauthn:virtualAuthenticators: true}
Session ID: 2b1ff69377de66394588441c74b15c1d
at org.testng.Assert.fail(Assert.java:111)
at TestCases.View_Market_Offer.testClickContinueButton(View_Market_Offer.java:255)
at java.base/jdk.internal.reflect.DirectMethodHandleAccessor.invoke(DirectMethodHandleAccessor.java:103)
at java.base/java.lang.reflect.Method.invoke(Method.java:580)
at org.testng.internal.invokers.MethodInvocationHelper.invokeMethod(MethodInvocationHelper.java:141)
at org.testng.internal.invokers.TestInvoker.invokeMethod(TestInvoker.java:687)
at org.testng.internal.invokers.TestInvoker.invokeTestMethod(TestInvoker.java:230)
at org.testng.internal.invokers.MethodRunner.runInSequence(MethodRunner.java:63)
at org.testng.internal.invokers.TestInvoker$MethodInvocationAgent.invoke(TestInvoker.java:995)
at org.testng.internal.invokers.TestInvoker.invokeTestMethods(TestInvoker.java:203)
at org.testng.internal.invokers.TestMethodWorker.invokeTestMethods(TestMethodWorker.java:154)
at org.testng.internal.invokers.TestMethodWorker.run(TestMethodWorker.java:134)
at java.base/java.util.ArrayList.forEach(ArrayList.java:1596)
at org.testng.TestRunner.privateRun(TestRunner.java:741)
at org.testng.TestRunner.run(TestRunner.java:616)
at org.testng.SuiteRunner.runTest(SuiteRunner.java:421)
at org.testng.SuiteRunner.runSequentially(SuiteRunner.java:413)
at org.testng.SuiteRunner.privateRun(SuiteRunner.java:373)
at org.testng.SuiteRunner.run(SuiteRunner.java:312)
at org.testng.SuiteRunnerWorker.runSuite(SuiteRunnerWorker.java:52)
at org.testng.SuiteRunnerWorker.run(SuiteRunnerWorker.java:95)
at org.testng.TestNG.runSuitesSequentially(TestNG.java:1274)
at org.testng.TestNG.runSuitesLocally(TestNG.java:1208)
at org.testng.TestNG.runSuites(TestNG.java:1112)
at org.testng.TestNG.run(TestNG.java:1079)
at org.testng.remote.AbstractRemoteTestNG.run(AbstractRemoteTestNG.java:115)
at org.testng.remote.RemoteTestNG.initAndRun(RemoteTestNG.java:293)
at org.testng.remote.RemoteTestNG.main(RemoteTestNG.java:91)
]]>
    </failure>
  </testcase> <!-- testClickContinueButton -->
</testsuite> <!-- TestCases.View_Market_Offer -->
